<?xml version='1.1' encoding='UTF-8'?>
<result plugin="junit@1.24">
  <suites>
    <suite>
      <file>/var/lib/jenkins/workspace/tests-build/target/surefire-reports/TEST-com.example.DemoApplicationTests.xml</file>
      <name>com.example.DemoApplicationTests</name>
      <duration>0.091</duration>
      <time>0.091</time>
      <enclosingBlocks/>
      <enclosingBlockNames/>
      <cases>
        <case>
          <duration>0.048</duration>
          <className>com.example.DemoApplicationTests</className>
          <testName>testDivision2</testName>
          <skipped>false</skipped>
          <failedSince>0</failedSince>
        </case>
        <case>
          <duration>0.0</duration>
          <className>com.example.DemoApplicationTests</className>
          <testName>testDivision3</testName>
          <skipped>true</skipped>
          <failedSince>0</failedSince>
        </case>
        <case>
          <duration>0.0</duration>
          <className>com.example.DemoApplicationTests</className>
          <testName>testDivision4</testName>
          <skipped>true</skipped>
          <failedSince>0</failedSince>
        </case>
        <case>
          <duration>0.027</duration>
          <className>com.example.DemoApplicationTests</className>
          <testName>testDivision</testName>
          <skipped>false</skipped>
          <failedSince>0</failedSince>
        </case>
        <case>
          <duration>0.016</duration>
          <className>com.example.DemoApplicationTests</className>
          <testName>contextLoads</testName>
          <skipped>false</skipped>
          <failedSince>0</failedSince>
        </case>
      </cases>
    </suite>
  </suites>
  <duration>0.091</duration>
  <keepLongStdio>false</keepLongStdio>
</result>